<?xml version="1.0" encoding="UTF-8"?>
<!-- Generated by org.testng.reporters.JUnitReportReporter -->
<testsuite skipped="0" hostname="DESKTOP-VB80EFF" name="RunCucumberTests" tests="1" failures="0" timestamp="2020-01-20T23:00:20 GMT" time="24.786" errors="0">
  <testcase name="scenario" time="24.786" classname="RunCucumberTests"/>
  <system-out/>
</testsuite> <!-- RunCucumberTests -->
