<?xml version="1.0" encoding="UTF-8"?>
<!-- Generated by org.testng.reporters.JUnitReportReporter -->
<testsuite skipped="0" hostname="DESKTOP-VB80EFF" name="RunCucumberTests" tests="1" failures="0" timestamp="2020-01-21T18:11:31 GMT" time="42.014" errors="0">
  <testcase name="scenario" time="42.014" classname="RunCucumberTests"/>
  <system-out/>
</testsuite> <!-- RunCucumberTests -->
